# JRE version: Java(TM) SE Runtime Environment (8.0_171-b11) (build 1.8.0_171-b11)
# Java VM: Java HotSpot(TM) 64-Bit Server VM (25.171-b11 mixed mode windows-amd64 compressed oops)
Heap:
 PSYoungGen      total 321024K, used 84955K [0x00000000d6100000, 0x00000000f3880000, 0x0000000100000000)
  eden space 303616K, 27% used [0x00000000d6100000,0x00000000db3f6ed0,0x00000000e8980000)
  from space 17408K, 0% used [0x00000000e8980000,0x00000000e8980000,0x00000000e9a80000)
  to   space 67072K, 0% used [0x00000000ef700000,0x00000000ef700000,0x00000000f3880000)
 ParOldGen       total 303616K, used 167615K [0x0000000082200000, 0x0000000094a80000, 0x00000000d6100000)
  object space 303616K, 55% used [0x0000000082200000,0x000000008c5afdf0,0x0000000094a80000)
 Metaspace       used 61709K, capacity 63424K, committed 63704K, reserved 1105920K
  class space    used 7275K, capacity 7568K, committed 7680K, reserved 1048576K
GC Heap History (10 events):
Event: 43.379 GC heap before
{Heap before GC invocations=16 (full 2):
 PSYoungGen      total 207872K, used 197600K [0x00000000d6100000, 0x00000000e7200000, 0x0000000100000000)
  eden space 193024K, 100% used [0x00000000d6100000,0x00000000e1d80000,0x00000000e1d80000)
  from space 14848K, 30% used [0x00000000e1d80000,0x00000000e21f8000,0x00000000e2c00000)
  to   space 14336K, 0% used [0x00000000e6400000,0x00000000e6400000,0x00000000e7200000)
 ParOldGen       total 93184K, used 30280K [0x0000000082200000, 0x0000000087d00000, 0x00000000d6100000)
  object space 93184K, 32% used [0x0000000082200000,0x0000000083f920a0,0x0000000087d00000)
 Metaspace       used 46535K, capacity 47584K, committed 47744K, reserved 1091584K
  class space    used 5536K, capacity 5721K, committed 5760K, reserved 1048576K
Event: 43.386 GC heap after
Heap after GC invocations=16 (full 2):
 PSYoungGen      total 248832K, used 6049K [0x00000000d6100000, 0x00000000e6a00000, 0x0000000100000000)
  eden space 242688K, 0% used [0x00000000d6100000,0x00000000d6100000,0x00000000e4e00000)
  from space 6144K, 98% used [0x00000000e6400000,0x00000000e69e8418,0x00000000e6a00000)
  to   space 13824K, 0% used [0x00000000e4f00000,0x00000000e4f00000,0x00000000e5c80000)
 ParOldGen       total 93184K, used 34464K [0x0000000082200000, 0x0000000087d00000, 0x00000000d6100000)
  object space 93184K, 36% used [0x0000000082200000,0x00000000843a80a0,0x0000000087d00000)
 Metaspace       used 46535K, capacity 47584K, committed 47744K, reserved 1091584K
  class space    used 5536K, capacity 5721K, committed 5760K, reserved 1048576K
}
Event: 45.728 GC heap before
{Heap before GC invocations=17 (full 2):
 PSYoungGen      total 248832K, used 248737K [0x00000000d6100000, 0x00000000e6a00000, 0x0000000100000000)
  eden space 242688K, 100% used [0x00000000d6100000,0x00000000e4e00000,0x00000000e4e00000)
  from space 6144K, 98% used [0x00000000e6400000,0x00000000e69e8418,0x00000000e6a00000)
  to   space 13824K, 0% used [0x00000000e4f00000,0x00000000e4f00000,0x00000000e5c80000)
 ParOldGen       total 93184K, used 34464K [0x0000000082200000, 0x0000000087d00000, 0x00000000d6100000)
  object space 93184K, 36% used [0x0000000082200000,0x00000000843a80a0,0x0000000087d00000)
 Metaspace       used 49727K, capacity 51040K, committed 51328K, reserved 1093632K
  class space    used 5958K, capacity 6185K, committed 6272K, reserved 1048576K
Event: 45.759 GC heap after
Heap after GC invocations=17 (full 2):
 PSYoungGen      total 257536K, used 13811K [0x00000000d6100000, 0x00000000eaa80000, 0x0000000100000000)
  eden space 243712K, 0% used [0x00000000d6100000,0x00000000d6100000,0x00000000e4f00000)
  from space 13824K, 99% used [0x00000000e4f00000,0x00000000e5c7cd68,0x00000000e5c80000)
  to   space 16384K, 0% used [0x00000000e9a80000,0x00000000e9a80000,0x00000000eaa80000)
 ParOldGen       total 93184K, used 36129K [0x0000000082200000, 0x0000000087d00000, 0x00000000d6100000)
  object space 93184K, 38% used [0x0000000082200000,0x0000000084548568,0x0000000087d00000)
 Metaspace       used 49727K, capacity 51040K, committed 51328K, reserved 1093632K
  class space    used 5958K, capacity 6185K, committed 6272K, reserved 1048576K
}
Event: 48.251 GC heap before
{Heap before GC invocations=18 (full 2):
 PSYoungGen      total 257536K, used 257523K [0x00000000d6100000, 0x00000000eaa80000, 0x0000000100000000)
  eden space 243712K, 100% used [0x00000000d6100000,0x00000000e4f00000,0x00000000e4f00000)
  from space 13824K, 99% used [0x00000000e4f00000,0x00000000e5c7cd68,0x00000000e5c80000)
  to   space 16384K, 0% used [0x00000000e9a80000,0x00000000e9a80000,0x00000000eaa80000)
 ParOldGen       total 93184K, used 36129K [0x0000000082200000, 0x0000000087d00000, 0x00000000d6100000)
  object space 93184K, 38% used [0x0000000082200000,0x0000000084548568,0x0000000087d00000)
 Metaspace       used 54047K, capacity 55388K, committed 55680K, reserved 1097728K
  class space    used 6478K, capacity 6707K, committed 6784K, reserved 1048576K
Event: 48.280 GC heap after
Heap after GC invocations=18 (full 2):
 PSYoungGen      total 320000K, used 13277K [0x00000000d6100000, 0x00000000ead00000, 0x0000000100000000)
  eden space 303616K, 0% used [0x00000000d6100000,0x00000000d6100000,0x00000000e8980000)
  from space 16384K, 81% used [0x00000000e9a80000,0x00000000ea7777c8,0x00000000eaa80000)
  to   space 17408K, 0% used [0x00000000e8980000,0x00000000e8980000,0x00000000e9a80000)
 ParOldGen       total 93184K, used 48781K [0x0000000082200000, 0x0000000087d00000, 0x00000000d6100000)
  object space 93184K, 52% used [0x0000000082200000,0x00000000851a3630,0x0000000087d00000)
 Metaspace       used 54047K, capacity 55388K, committed 55680K, reserved 1097728K
  class space    used 6478K, capacity 6707K, committed 6784K, reserved 1048576K
}
Event: 65.057 GC heap before
{Heap before GC invocations=19 (full 2):
 PSYoungGen      total 320000K, used 265106K [0x00000000d6100000, 0x00000000ead00000, 0x0000000100000000)
  eden space 303616K, 82% used [0x00000000d6100000,0x00000000e56ed048,0x00000000e8980000)
  from space 16384K, 81% used [0x00000000e9a80000,0x00000000ea7777c8,0x00000000eaa80000)
  to   space 17408K, 0% used [0x00000000e8980000,0x00000000e8980000,0x00000000e9a80000)
 ParOldGen       total 93184K, used 48781K [0x0000000082200000, 0x0000000087d00000, 0x00000000d6100000)
  object space 93184K, 52% used [0x0000000082200000,0x00000000851a3630,0x0000000087d00000)
 Metaspace       used 57655K, capacity 58968K, committed 59096K, reserved 1101824K
  class space    used 6880K, capacity 7130K, committed 7168K, reserved 1048576K
Event: 65.111 GC heap after
Heap after GC invocations=19 (full 2):
 PSYoungGen      total 321024K, used 17405K [0x00000000d6100000, 0x00000000f3880000, 0x0000000100000000)
  eden space 303616K, 0% used [0x00000000d6100000,0x00000000d6100000,0x00000000e8980000)
  from space 17408K, 99% used [0x00000000e8980000,0x00000000e9a7f6a0,0x00000000e9a80000)
  to   space 67072K, 0% used [0x00000000ef700000,0x00000000ef700000,0x00000000f3880000)
 ParOldGen       total 176128K, used 175764K [0x0000000082200000, 0x000000008ce00000, 0x00000000d6100000)
  object space 176128K, 99% used [0x0000000082200000,0x000000008cda5018,0x000000008ce00000)
 Metaspace       used 57655K, capacity 58968K, committed 59096K, reserved 1101824K
  class space    used 6880K, capacity 7130K, committed 7168K, reserved 1048576K
}
Event: 65.111 GC heap before
{Heap before GC invocations=20 (full 3):
 PSYoungGen      total 321024K, used 17405K [0x00000000d6100000, 0x00000000f3880000, 0x0000000100000000)
  eden space 303616K, 0% used [0x00000000d6100000,0x00000000d6100000,0x00000000e8980000)
  from space 17408K, 99% used [0x00000000e8980000,0x00000000e9a7f6a0,0x00000000e9a80000)
  to   space 67072K, 0% used [0x00000000ef700000,0x00000000ef700000,0x00000000f3880000)
 ParOldGen       total 176128K, used 175764K [0x0000000082200000, 0x000000008ce00000, 0x00000000d6100000)
  object space 176128K, 99% used [0x0000000082200000,0x000000008cda5018,0x000000008ce00000)
 Metaspace       used 57655K, capacity 58968K, committed 59096K, reserved 1101824K
  class space    used 6880K, capacity 7130K, committed 7168K, reserved 1048576K
Event: 65.305 GC heap after
Heap after GC invocations=20 (full 3):
 PSYoungGen      total 321024K, used 0K [0x00000000d6100000, 0x00000000f3880000, 0x0000000100000000)
  eden space 303616K, 0% used [0x00000000d6100000,0x00000000d6100000,0x00000000e8980000)
  from space 17408K, 0% used [0x00000000e8980000,0x00000000e8980000,0x00000000e9a80000)
  to   space 67072K, 0% used [0x00000000ef700000,0x00000000ef700000,0x00000000f3880000)
 ParOldGen       total 303616K, used 167615K [0x0000000082200000, 0x0000000094a80000, 0x00000000d6100000)
  object space 303616K, 55% used [0x0000000082200000,0x000000008c5afdf0,0x0000000094a80000)
 Metaspace       used 57655K, capacity 58968K, committed 59096K, reserved 1101824K
  class space    used 6880K, capacity 7130K, committed 7168K, reserved 1048576K
}

